<?xml version="1.0" encoding="UTF-8"?>
<!-- Generated by org.testng.reporters.JUnitXMLReporter -->
<testsuite ignored="0" hostname="karthic" failures="0" tests="4" name="Test" time="0.039" errors="0" timestamp="2024-05-21T17:12:24 IST">
  <testcase classname="sample.Package1.SampleClassOne" name="methodOne" time="0.005"/>
  <testcase classname="sample.Package1.SampleClassOne" name="methodTwo" time="0.001"/>
  <testcase classname="sample.Package2.SampleClassTwo" name="methodOne" time="0.001"/>
  <testcase classname="sample.Package2.SampleClassTwo" name="methodTwo" time="0.001"/>
</testsuite> <!-- Test -->
