<?xml version="1.0" encoding="UTF-8"?>
<!-- Generated by org.testng.reporters.JUnitXMLReporter -->
<testsuite ignored="4" hostname="karthic" failures="0" tests="3" name="Test" time="49.864" errors="0" timestamp="2024-04-15T18:27:00 IST">
  <testcase classname="com.alphaShoppee.adminModule.ManageTheInsertedProductTest" name="manageTheInsertedProductTest" time="9.894"/>
  <testcase classname="com.alphaShoppee.adminModule.VerifyTheOrderHasBeenInDisplayedAdminModuleTest" name="verifyTheOrderHasBeenDisplayed" time="11.691"/>
  <testcase classname="com.alphaShoppee.adminModule.ViewTheDeliveredOrderTest" name="viewTheDeliveredOrderTest" time="19.784"/>
  <testcase classname="com.alphaShoppee.genericUtility.BaseClass" name="@BeforeSuite connectToDatabase" time="0.0">
    <ignored/>
  </testcase> <!-- @BeforeSuite connectToDatabase -->
  <testcase classname="com.alphaShoppee.genericUtility.BaseClass" name="@BeforeSuite connectToDatabase" time="0.0">
    <ignored/>
  </testcase> <!-- @BeforeSuite connectToDatabase -->
  <testcase classname="com.alphaShoppee.genericUtility.BaseClass" name="@AfterSuite closeTheDatabase" time="0.0">
    <ignored/>
  </testcase> <!-- @AfterSuite closeTheDatabase -->
  <testcase classname="com.alphaShoppee.genericUtility.BaseClass" name="@AfterSuite closeTheDatabase" time="0.0">
    <ignored/>
  </testcase> <!-- @AfterSuite closeTheDatabase -->
</testsuite> <!-- Test -->
