<?xml version="1.0" encoding="UTF-8"?>
<testng-results ignored="0" total="4" passed="4" failed="0" skipped="0">
  <reporter-output>
  </reporter-output>
  <suite started-at="2024-05-21T17:12:24 IST" name="Suite" finished-at="2024-05-21T17:12:24 IST" duration-ms="39">
    <groups>
    </groups>
    <test started-at="2024-05-21T17:12:24 IST" name="Test" finished-at="2024-05-21T17:12:24 IST" duration-ms="39">
      <class name="sample.Package1.SampleClassOne">
        <test-method signature="methodOne()[pri:0, instance:sample.Package1.SampleClassOne@31c88ec8]" started-at="2024-05-21T17:12:24 IST" name="methodOne" finished-at="2024-05-21T17:12:24 IST" duration-ms="5" status="PASS">
          <reporter-output>
          </reporter-output>
        </test-method> <!-- methodOne -->
        <test-method signature="methodTwo()[pri:0, instance:sample.Package1.SampleClassOne@31c88ec8]" started-at="2024-05-21T17:12:24 IST" name="methodTwo" finished-at="2024-05-21T17:12:24 IST" duration-ms="1" status="PASS">
          <reporter-output>
          </reporter-output>
        </test-method> <!-- methodTwo -->
      </class> <!-- sample.Package1.SampleClassOne -->
      <class name="sample.Package2.SampleClassTwo">
        <test-method signature="methodOne()[pri:0, instance:sample.Package2.SampleClassTwo@35ef1869]" started-at="2024-05-21T17:12:24 IST" name="methodOne" finished-at="2024-05-21T17:12:24 IST" duration-ms="1" status="PASS">
          <reporter-output>
          </reporter-output>
        </test-method> <!-- methodOne -->
        <test-method signature="methodTwo()[pri:0, instance:sample.Package2.SampleClassTwo@35ef1869]" started-at="2024-05-21T17:12:24 IST" name="methodTwo" finished-at="2024-05-21T17:12:24 IST" duration-ms="1" status="PASS">
          <reporter-output>
          </reporter-output>
        </test-method> <!-- methodTwo -->
      </class> <!-- sample.Package2.SampleClassTwo -->
    </test> <!-- Test -->
  </suite> <!-- Suite -->
</testng-results>
